# lattice-scale --inv-acoustic-scale=10 "ark:gunzip -c exp/tri_graph_decode/lat.*.gz|" ark:- | lattice-add-penalty --word-ins-penalty=0.0 ark:- ark:- | lattice-best-path --word-symbol-table=exp/tri_graph//words.txt ark:- ark,t:exp/tri_graph_decode/scoring/10.tra 
# Started at Sat Apr 27 06:01:07 UTC 2019
#
lattice-add-penalty --word-ins-penalty=0.0 ark:- ark:- 
lattice-best-path --word-symbol-table=exp/tri_graph//words.txt ark:- ark,t:exp/tri_graph_decode/scoring/10.tra 
lattice-scale --inv-acoustic-scale=10 'ark:gunzip -c exp/tri_graph_decode/lat.*.gz|' ark:- 
LOG (lattice-best-path:main():lattice-best-path.cc:99) For utterance t1, best cost 16.6011 + 1918.27 = 1934.87 over 194 frames.
t1 เปลี่ยน 
LOG (lattice-best-path:main():lattice-best-path.cc:99) For utterance t2, best cost 32.7779 + 2378.42 = 2411.2 over 230 frames.
t2 ดู เทิร์น ตัวเอง ดู 
LOG (lattice-best-path:main():lattice-best-path.cc:99) For utterance t3, best cost 52.6554 + 3334.01 = 3386.67 over 330 frames.
t3 ทอย ลูกเต๋า ลูก ดู ตัวเอง ลูก ลูก 
LOG (lattice-best-path:main():lattice-best-path.cc:99) For utterance t4, best cost 16.7089 + 2044.3 = 2061.01 over 203 frames.
t4 เปลี่ยน เทิร์น 
LOG (lattice-best-path:main():lattice-best-path.cc:99) For utterance t5, best cost 15.4262 + 1455.82 = 1471.25 over 147 frames.
t5 ยอม แพ้ 
LOG (lattice-best-path:main():lattice-best-path.cc:99) For utterance t6, best cost 22.2868 + 1756.31 = 1778.6 over 179 frames.
t6 ขาย บ้าน เทค 
LOG (lattice-best-path:main():lattice-best-path.cc:99) For utterance t7, best cost 28.0546 + 1857.04 = 1885.09 over 188 frames.
t7 ซื้อ ลูกเต๋า แพ้ เทค 
LOG (lattice-scale:main():lattice-scale.cc:90) Done 9 lattices.
LOG (lattice-add-penalty:main():lattice-add-penalty.cc:62) Done adding word insertion penalty to 9 lattices.
LOG (lattice-best-path:main():lattice-best-path.cc:99) For utterance t8, best cost 44.5899 + 2860.05 = 2904.64 over 281 frames.
t8 ดู หนึ่ง ข้อมูล เปลี่ยน ลูก 
LOG (lattice-best-path:main():lattice-best-path.cc:99) For utterance t9, best cost 17.4611 + 1491.67 = 1509.13 over 149 frames.
t9 จ่าย ดู 
LOG (lattice-best-path:main():lattice-best-path.cc:124) Overall score per frame is 10.1749 = 0.129701 [graph] + 10.0452 [acoustic] over 1901 frames.
LOG (lattice-best-path:main():lattice-best-path.cc:128) Done 9 lattices, failed for 0
# Accounting: time=1 threads=1
# Ended (code 0) at Sat Apr 27 06:01:08 UTC 2019, elapsed time 1 seconds
