# gmm-align-compiled --transition-scale=1.0 --acoustic-scale=0.1 --self-loop-scale=0.1 --beam=10 --retry-beam=40 --careful=false "gmm-boost-silence --boost=1.0 1 exp/mono/23.mdl - |" "ark:gunzip -c exp/mono/fsts.1.gz|" "ark,s,cs:apply-cmvn  --utt2spk=ark:data/train//split1/1/utt2spk scp:data/train//split1/1/cmvn.scp scp:data/train//split1/1/feats.scp ark:- | add-deltas ark:- ark:- |" "ark,t:|gzip -c >exp/mono/ali.1.gz" 
# Started at Sat Apr 27 05:05:18 UTC 2019
#
gmm-align-compiled --transition-scale=1.0 --acoustic-scale=0.1 --self-loop-scale=0.1 --beam=10 --retry-beam=40 --careful=false 'gmm-boost-silence --boost=1.0 1 exp/mono/23.mdl - |' 'ark:gunzip -c exp/mono/fsts.1.gz|' 'ark,s,cs:apply-cmvn  --utt2spk=ark:data/train//split1/1/utt2spk scp:data/train//split1/1/cmvn.scp scp:data/train//split1/1/feats.scp ark:- | add-deltas ark:- ark:- |' 'ark,t:|gzip -c >exp/mono/ali.1.gz' 
gmm-boost-silence --boost=1.0 1 exp/mono/23.mdl - 
LOG (gmm-boost-silence:main():gmm-boost-silence.cc:93) Boosted weights for 5 pdfs, by factor of 1
LOG (gmm-boost-silence:main():gmm-boost-silence.cc:103) Wrote model to -
add-deltas ark:- ark:- 
apply-cmvn --utt2spk=ark:data/train//split1/1/utt2spk scp:data/train//split1/1/cmvn.scp scp:data/train//split1/1/feats.scp ark:- 
LOG (apply-cmvn:main():apply-cmvn.cc:146) Applied cepstral mean normalization to 72 utterances, errors on 0
WARNING (gmm-align-compiled:main():gmm-align-compiled.cc:98) No features for utterance M5931065121_0000
WARNING (gmm-align-compiled:main():gmm-align-compiled.cc:98) No features for utterance M5931065121_0008
WARNING (gmm-align-compiled:main():gmm-align-compiled.cc:98) No features for utterance M5931065121_0009
WARNING (gmm-align-compiled:main():gmm-align-compiled.cc:98) No features for utterance M5931065121_0012
WARNING (gmm-align-compiled:main():gmm-align-compiled.cc:98) No features for utterance M5931065121_0013
WARNING (gmm-align-compiled:main():gmm-align-compiled.cc:98) No features for utterance M5931065121_0014
WARNING (gmm-align-compiled:main():gmm-align-compiled.cc:98) No features for utterance M5931065121_0015
WARNING (gmm-align-compiled:main():gmm-align-compiled.cc:98) No features for utterance M5931065121_0016
WARNING (gmm-align-compiled:main():gmm-align-compiled.cc:98) No features for utterance M5931065121_0017
WARNING (gmm-align-compiled:main():gmm-align-compiled.cc:98) No features for utterance M5931065121_0018
WARNING (gmm-align-compiled:main():gmm-align-compiled.cc:98) No features for utterance M5931065121_0019
WARNING (gmm-align-compiled:main():gmm-align-compiled.cc:98) No features for utterance M5931065121_0020
WARNING (gmm-align-compiled:main():gmm-align-compiled.cc:98) No features for utterance M5931065121_0021
WARNING (gmm-align-compiled:main():gmm-align-compiled.cc:98) No features for utterance M5931065121_0022
WARNING (gmm-align-compiled:main():gmm-align-compiled.cc:98) No features for utterance M5931065121_0023
WARNING (gmm-align-compiled:main():gmm-align-compiled.cc:98) No features for utterance M5931065121_0024
WARNING (gmm-align-compiled:main():gmm-align-compiled.cc:98) No features for utterance M5931065121_0025
WARNING (gmm-align-compiled:main():gmm-align-compiled.cc:98) No features for utterance M5931065121_0030
LOG (gmm-align-compiled:main():gmm-align-compiled.cc:129) Overall log-likelihood per frame is -90.1865 over 14243 frames.
LOG (gmm-align-compiled:main():gmm-align-compiled.cc:131) Retried 0 out of 90 utterances.
LOG (gmm-align-compiled:main():gmm-align-compiled.cc:133) Done 72, errors on 18
# Accounting: time=0 threads=1
# Ended (code 0) at Sat Apr 27 05:05:18 UTC 2019, elapsed time 0 seconds
