# gmm-est --write-occs=exp/mono/39.occs --mix-up=377 --power=0.25 exp/mono/38.mdl "gmm-sum-accs - exp/mono/38.*.acc|" exp/mono/39.mdl 
# Started at Sat Apr 27 05:05:24 UTC 2019
#
gmm-est --write-occs=exp/mono/39.occs --mix-up=377 --power=0.25 exp/mono/38.mdl 'gmm-sum-accs - exp/mono/38.*.acc|' exp/mono/39.mdl 
gmm-sum-accs - exp/mono/38.1.acc 
LOG (gmm-sum-accs:main():gmm-sum-accs.cc:63) Summed 1 stats, total count 14243, avg like/frame -87.9661
LOG (gmm-sum-accs:main():gmm-sum-accs.cc:66) Total count of stats is 14243
LOG (gmm-sum-accs:main():gmm-sum-accs.cc:67) Written stats to -
LOG (gmm-est:MleUpdate():transition-model.cc:393) TransitionModel::Update, objf change is 1.29294e-06 per frame over 14243 frames. 
LOG (gmm-est:MleUpdate():transition-model.cc:396) 6 probabilities floored, 1 out of 137 transition-states skipped due to insuffient data (it is normal to have some skipped.)
LOG (gmm-est:main():gmm-est.cc:102) Transition model update: Overall 1.29294e-06 log-like improvement per frame over 14243 frames.
WARNING (gmm-est:MleDiagGmmUpdate():mle-diag-gmm.cc:359) Too little data - removing Gaussian (weight 0.104286, occupation count 9.072864, vector size 39)
WARNING (gmm-est:MleDiagGmmUpdate():mle-diag-gmm.cc:365) Gaussian has too little data but not removing it because it is the last Gaussian: i = 0, occ = 8, weight = 1
WARNING (gmm-est:MleDiagGmmUpdate():mle-diag-gmm.cc:365) Gaussian has too little data but not removing it because it is the last Gaussian: i = 0, occ = 4, weight = 1
WARNING (gmm-est:MleDiagGmmUpdate():mle-diag-gmm.cc:365) Gaussian has too little data but not removing it because it is the last Gaussian: i = 0, occ = 9, weight = 1
WARNING (gmm-est:MleDiagGmmUpdate():mle-diag-gmm.cc:365) Gaussian has too little data but not removing it because it is the last Gaussian: i = 0, occ = 7, weight = 1
WARNING (gmm-est:MleDiagGmmUpdate():mle-diag-gmm.cc:365) Gaussian has too little data but not removing it because it is the last Gaussian: i = 0, occ = 8, weight = 1
LOG (gmm-est:MleAmDiagGmmUpdate():mle-am-diag-gmm.cc:225) 0 variance elements floored in 0 Gaussians, out of 377
LOG (gmm-est:MleAmDiagGmmUpdate():mle-am-diag-gmm.cc:229) Removed 1 Gaussians due to counts < --min-gaussian-occupancy=10 and --remove-low-count-gaussians=true
LOG (gmm-est:main():gmm-est.cc:113) GMM update: Overall 0.012692 objective function improvement per frame over 14243 frames
LOG (gmm-est:main():gmm-est.cc:116) GMM update: Overall avg like per frame = -87.9661 over 14243 frames.
LOG (gmm-est:SplitByCount():am-diag-gmm.cc:116) Split 137 states with target = 377, power = 0.25, perturb_factor = 0.01 and min_count = 20, split #Gauss from 377 to 380
LOG (gmm-est:main():gmm-est.cc:146) Written model to exp/mono/39.mdl
# Accounting: time=0 threads=1
# Ended (code 0) at Sat Apr 27 05:05:24 UTC 2019, elapsed time 0 seconds
