# gmm-est --mix-up=5300 --power=0.25 --write-occs=exp/tri/6.occs exp/tri/5.mdl "gmm-sum-accs - exp/tri/5.*.acc |" exp/tri/6.mdl 
# Started at Sat Apr 27 05:12:03 UTC 2019
#
gmm-est --mix-up=5300 --power=0.25 --write-occs=exp/tri/6.occs exp/tri/5.mdl 'gmm-sum-accs - exp/tri/5.*.acc |' exp/tri/6.mdl 
gmm-sum-accs - exp/tri/5.1.acc 
LOG (gmm-sum-accs:main():gmm-sum-accs.cc:63) Summed 1 stats, total count 14243, avg like/frame -87.8067
LOG (gmm-sum-accs:main():gmm-sum-accs.cc:66) Total count of stats is 14243
LOG (gmm-sum-accs:main():gmm-sum-accs.cc:67) Written stats to -
LOG (gmm-est:MleUpdate():transition-model.cc:393) TransitionModel::Update, objf change is 0 per frame over 14243 frames. 
LOG (gmm-est:MleUpdate():transition-model.cc:396) 9 probabilities floored, 8 out of 172 transition-states skipped due to insuffient data (it is normal to have some skipped.)
LOG (gmm-est:main():gmm-est.cc:102) Transition model update: Overall 0 log-like improvement per frame over 14243 frames.
WARNING (gmm-est:MleDiagGmmUpdate():mle-diag-gmm.cc:359) Too little data - removing Gaussian (weight 0.004895, occupation count 6.647024, vector size 39)
WARNING (gmm-est:MleDiagGmmUpdate():mle-diag-gmm.cc:359) Too little data - removing Gaussian (weight 0.006063, occupation count 8.232899, vector size 39)
WARNING (gmm-est:MleDiagGmmUpdate():mle-diag-gmm.cc:359) Too little data - removing Gaussian (weight 0.001512, occupation count 2.053667, vector size 39)
WARNING (gmm-est:MleDiagGmmUpdate():mle-diag-gmm.cc:359) Too little data - removing Gaussian (weight 0.003012, occupation count 4.090713, vector size 39)
WARNING (gmm-est:MleDiagGmmUpdate():mle-diag-gmm.cc:359) Too little data - removing Gaussian (weight 0.004518, occupation count 6.135171, vector size 39)
WARNING (gmm-est:MleDiagGmmUpdate():mle-diag-gmm.cc:359) Too little data - removing Gaussian (weight 0.031947, occupation count 9.136824, vector size 39)
WARNING (gmm-est:MleDiagGmmUpdate():mle-diag-gmm.cc:359) Too little data - removing Gaussian (weight 0.006266, occupation count 9.387049, vector size 39)
WARNING (gmm-est:MleDiagGmmUpdate():mle-diag-gmm.cc:359) Too little data - removing Gaussian (weight 0.006454, occupation count 9.668117, vector size 39)
WARNING (gmm-est:MleDiagGmmUpdate():mle-diag-gmm.cc:359) Too little data - removing Gaussian (weight 0.005095, occupation count 7.632767, vector size 39)
WARNING (gmm-est:MleDiagGmmUpdate():mle-diag-gmm.cc:359) Too little data - removing Gaussian (weight 0.006673, occupation count 9.995741, vector size 39)
WARNING (gmm-est:MleDiagGmmUpdate():mle-diag-gmm.cc:359) Too little data - removing Gaussian (weight 0.044620, occupation count 9.994954, vector size 39)
WARNING (gmm-est:MleDiagGmmUpdate():mle-diag-gmm.cc:359) Too little data - removing Gaussian (weight 0.049232, occupation count 8.960304, vector size 39)
WARNING (gmm-est:MleDiagGmmUpdate():mle-diag-gmm.cc:359) Too little data - removing Gaussian (weight 0.020411, occupation count 8.531825, vector size 39)
WARNING (gmm-est:MleDiagGmmUpdate():mle-diag-gmm.cc:359) Too little data - removing Gaussian (weight 0.017425, occupation count 7.283498, vector size 39)
WARNING (gmm-est:MleDiagGmmUpdate():mle-diag-gmm.cc:359) Too little data - removing Gaussian (weight 0.017024, occupation count 7.116171, vector size 39)
WARNING (gmm-est:MleDiagGmmUpdate():mle-diag-gmm.cc:359) Too little data - removing Gaussian (weight 0.021626, occupation count 9.039491, vector size 39)
WARNING (gmm-est:MleDiagGmmUpdate():mle-diag-gmm.cc:359) Too little data - removing Gaussian (weight 0.214480, occupation count 9.651621, vector size 39)
WARNING (gmm-est:MleDiagGmmUpdate():mle-diag-gmm.cc:359) Too little data - removing Gaussian (weight 0.079427, occupation count 9.928353, vector size 39)
LOG (gmm-est:MleAmDiagGmmUpdate():mle-am-diag-gmm.cc:225) 0 variance elements floored in 0 Gaussians, out of 638
LOG (gmm-est:MleAmDiagGmmUpdate():mle-am-diag-gmm.cc:229) Removed 18 Gaussians due to counts < --min-gaussian-occupancy=10 and --remove-low-count-gaussians=true
LOG (gmm-est:main():gmm-est.cc:113) GMM update: Overall 0.647947 objective function improvement per frame over 14243 frames
LOG (gmm-est:main():gmm-est.cc:116) GMM update: Overall avg like per frame = -87.8067 over 14243 frames.
WARNING (gmm-est:GetSplitTargets():model-common.cc:134) Could not split up to 5300 due to min-count = 20 (or no counts at all)

LOG (gmm-est:SplitByCount():am-diag-gmm.cc:116) Split 114 states with target = 5300, power = 0.25, perturb_factor = 0.01 and min_count = 20, split #Gauss from 638 to 656
LOG (gmm-est:main():gmm-est.cc:146) Written model to exp/tri/6.mdl
# Accounting: time=0 threads=1
# Ended (code 0) at Sat Apr 27 05:12:03 UTC 2019, elapsed time 0 seconds
