# gmm-est --mix-up=6000 --power=0.25 --write-occs=exp/tri/7.occs exp/tri/6.mdl "gmm-sum-accs - exp/tri/6.*.acc |" exp/tri/7.mdl 
# Started at Sat Apr 27 05:12:03 UTC 2019
#
gmm-est --mix-up=6000 --power=0.25 --write-occs=exp/tri/7.occs exp/tri/6.mdl 'gmm-sum-accs - exp/tri/6.*.acc |' exp/tri/7.mdl 
gmm-sum-accs - exp/tri/6.1.acc 
LOG (gmm-sum-accs:main():gmm-sum-accs.cc:63) Summed 1 stats, total count 14243, avg like/frame -86.9887
LOG (gmm-sum-accs:main():gmm-sum-accs.cc:66) Total count of stats is 14243
LOG (gmm-sum-accs:main():gmm-sum-accs.cc:67) Written stats to -
LOG (gmm-est:MleUpdate():transition-model.cc:393) TransitionModel::Update, objf change is 0 per frame over 14243 frames. 
LOG (gmm-est:MleUpdate():transition-model.cc:396) 9 probabilities floored, 8 out of 172 transition-states skipped due to insuffient data (it is normal to have some skipped.)
LOG (gmm-est:main():gmm-est.cc:102) Transition model update: Overall 0 log-like improvement per frame over 14243 frames.
WARNING (gmm-est:MleDiagGmmUpdate():mle-diag-gmm.cc:359) Too little data - removing Gaussian (weight 0.007210, occupation count 9.791456, vector size 39)
WARNING (gmm-est:MleDiagGmmUpdate():mle-diag-gmm.cc:359) Too little data - removing Gaussian (weight 0.051905, occupation count 8.252975, vector size 39)
WARNING (gmm-est:MleDiagGmmUpdate():mle-diag-gmm.cc:359) Too little data - removing Gaussian (weight 0.163645, occupation count 9.000474, vector size 39)
WARNING (gmm-est:MleDiagGmmUpdate():mle-diag-gmm.cc:359) Too little data - removing Gaussian (weight 0.070581, occupation count 9.175486, vector size 39)
WARNING (gmm-est:MleDiagGmmUpdate():mle-diag-gmm.cc:359) Too little data - removing Gaussian (weight 0.079726, occupation count 9.646864, vector size 39)
WARNING (gmm-est:MleDiagGmmUpdate():mle-diag-gmm.cc:359) Too little data - removing Gaussian (weight 0.043600, occupation count 9.112486, vector size 39)
WARNING (gmm-est:MleDiagGmmUpdate():mle-diag-gmm.cc:359) Too little data - removing Gaussian (weight 0.232558, occupation count 9.999999, vector size 39)
WARNING (gmm-est:MleDiagGmmUpdate():mle-diag-gmm.cc:359) Too little data - removing Gaussian (weight 0.020255, occupation count 6.177722, vector size 39)
WARNING (gmm-est:MleDiagGmmUpdate():mle-diag-gmm.cc:359) Too little data - removing Gaussian (weight 0.006451, occupation count 9.663420, vector size 39)
WARNING (gmm-est:MleDiagGmmUpdate():mle-diag-gmm.cc:359) Too little data - removing Gaussian (weight 0.005670, occupation count 8.493011, vector size 39)
WARNING (gmm-est:MleDiagGmmUpdate():mle-diag-gmm.cc:359) Too little data - removing Gaussian (weight 0.006089, occupation count 9.120955, vector size 39)
WARNING (gmm-est:MleDiagGmmUpdate():mle-diag-gmm.cc:359) Too little data - removing Gaussian (weight 0.031865, occupation count 9.495733, vector size 39)
WARNING (gmm-est:MleDiagGmmUpdate():mle-diag-gmm.cc:359) Too little data - removing Gaussian (weight 0.050538, occupation count 8.995817, vector size 39)
WARNING (gmm-est:MleDiagGmmUpdate():mle-diag-gmm.cc:359) Too little data - removing Gaussian (weight 0.148748, occupation count 9.073647, vector size 39)
WARNING (gmm-est:MleDiagGmmUpdate():mle-diag-gmm.cc:359) Too little data - removing Gaussian (weight 0.067873, occupation count 8.212614, vector size 39)
WARNING (gmm-est:MleDiagGmmUpdate():mle-diag-gmm.cc:359) Too little data - removing Gaussian (weight 0.022859, occupation count 9.554987, vector size 39)
WARNING (gmm-est:MleDiagGmmUpdate():mle-diag-gmm.cc:359) Too little data - removing Gaussian (weight 0.017568, occupation count 7.343618, vector size 39)
LOG (gmm-est:MleAmDiagGmmUpdate():mle-am-diag-gmm.cc:225) 0 variance elements floored in 0 Gaussians, out of 639
LOG (gmm-est:MleAmDiagGmmUpdate():mle-am-diag-gmm.cc:229) Removed 17 Gaussians due to counts < --min-gaussian-occupancy=10 and --remove-low-count-gaussians=true
LOG (gmm-est:main():gmm-est.cc:113) GMM update: Overall 0.388359 objective function improvement per frame over 14243 frames
LOG (gmm-est:main():gmm-est.cc:116) GMM update: Overall avg like per frame = -86.9887 over 14243 frames.
WARNING (gmm-est:GetSplitTargets():model-common.cc:134) Could not split up to 6000 due to min-count = 20 (or no counts at all)

LOG (gmm-est:SplitByCount():am-diag-gmm.cc:116) Split 114 states with target = 6000, power = 0.25, perturb_factor = 0.01 and min_count = 20, split #Gauss from 639 to 656
LOG (gmm-est:main():gmm-est.cc:146) Written model to exp/tri/7.mdl
# Accounting: time=0 threads=1
# Ended (code 0) at Sat Apr 27 05:12:03 UTC 2019, elapsed time 0 seconds
