# compute-mfcc-feats --verbose=2 --config=conf/mfcc.conf scp,p:exp/make_mfcc/train/wav_train.1.scp ark:- | copy-feats --compress=true ark:- ark,scp:/kaldi/egs/ASR_Project/mfcc/train/raw_mfcc_train.1.ark,/kaldi/egs/ASR_Project/mfcc/train/raw_mfcc_train.1.scp 
# Started at Sat Apr 27 04:46:13 UTC 2019
#
copy-feats --compress=true ark:- ark,scp:/kaldi/egs/ASR_Project/mfcc/train/raw_mfcc_train.1.ark,/kaldi/egs/ASR_Project/mfcc/train/raw_mfcc_train.1.scp 
compute-mfcc-feats --verbose=2 --config=conf/mfcc.conf scp,p:exp/make_mfcc/train/wav_train.1.scp ark:- 
VLOG[2] (compute-mfcc-feats:main():compute-mfcc-feats.cc:178) Processed features for key M5931009021_0000
VLOG[2] (compute-mfcc-feats:main():compute-mfcc-feats.cc:178) Processed features for key M5931009021_0008
VLOG[2] (compute-mfcc-feats:main():compute-mfcc-feats.cc:178) Processed features for key M5931009021_0009
VLOG[2] (compute-mfcc-feats:main():compute-mfcc-feats.cc:178) Processed features for key M5931009021_0012
VLOG[2] (compute-mfcc-feats:main():compute-mfcc-feats.cc:178) Processed features for key M5931009021_0013
VLOG[2] (compute-mfcc-feats:main():compute-mfcc-feats.cc:178) Processed features for key M5931009021_0014
VLOG[2] (compute-mfcc-feats:main():compute-mfcc-feats.cc:178) Processed features for key M5931009021_0015
VLOG[2] (compute-mfcc-feats:main():compute-mfcc-feats.cc:178) Processed features for key M5931009021_0016
VLOG[2] (compute-mfcc-feats:main():compute-mfcc-feats.cc:178) Processed features for key M5931009021_0017
LOG (compute-mfcc-feats:main():compute-mfcc-feats.cc:177) Processed 10 utterances
VLOG[2] (compute-mfcc-feats:main():compute-mfcc-feats.cc:178) Processed features for key M5931009021_0018
VLOG[2] (compute-mfcc-feats:main():compute-mfcc-feats.cc:178) Processed features for key M5931009021_0019
VLOG[2] (compute-mfcc-feats:main():compute-mfcc-feats.cc:178) Processed features for key M5931009021_0020
VLOG[2] (compute-mfcc-feats:main():compute-mfcc-feats.cc:178) Processed features for key M5931009021_0021
VLOG[2] (compute-mfcc-feats:main():compute-mfcc-feats.cc:178) Processed features for key M5931009021_0022
VLOG[2] (compute-mfcc-feats:main():compute-mfcc-feats.cc:178) Processed features for key M5931009021_0023
VLOG[2] (compute-mfcc-feats:main():compute-mfcc-feats.cc:178) Processed features for key M5931009021_0024
VLOG[2] (compute-mfcc-feats:main():compute-mfcc-feats.cc:178) Processed features for key M5931009021_0025
VLOG[2] (compute-mfcc-feats:main():compute-mfcc-feats.cc:178) Processed features for key M5931009021_0030
VLOG[2] (compute-mfcc-feats:main():compute-mfcc-feats.cc:178) Processed features for key M5931014121_0000
LOG (compute-mfcc-feats:main():compute-mfcc-feats.cc:177) Processed 20 utterances
VLOG[2] (compute-mfcc-feats:main():compute-mfcc-feats.cc:178) Processed features for key M5931014121_0008
VLOG[2] (compute-mfcc-feats:main():compute-mfcc-feats.cc:178) Processed features for key M5931014121_0009
VLOG[2] (compute-mfcc-feats:main():compute-mfcc-feats.cc:178) Processed features for key M5931014121_0012
VLOG[2] (compute-mfcc-feats:main():compute-mfcc-feats.cc:178) Processed features for key M5931014121_0013
VLOG[2] (compute-mfcc-feats:main():compute-mfcc-feats.cc:178) Processed features for key M5931014121_0014
VLOG[2] (compute-mfcc-feats:main():compute-mfcc-feats.cc:178) Processed features for key M5931014121_0015
VLOG[2] (compute-mfcc-feats:main():compute-mfcc-feats.cc:178) Processed features for key M5931014121_0016
VLOG[2] (compute-mfcc-feats:main():compute-mfcc-feats.cc:178) Processed features for key M5931014121_0017
VLOG[2] (compute-mfcc-feats:main():compute-mfcc-feats.cc:178) Processed features for key M5931014121_0018
VLOG[2] (compute-mfcc-feats:main():compute-mfcc-feats.cc:178) Processed features for key M5931014121_0019
LOG (compute-mfcc-feats:main():compute-mfcc-feats.cc:177) Processed 30 utterances
VLOG[2] (compute-mfcc-feats:main():compute-mfcc-feats.cc:178) Processed features for key M5931014121_0020
VLOG[2] (compute-mfcc-feats:main():compute-mfcc-feats.cc:178) Processed features for key M5931014121_0021
VLOG[2] (compute-mfcc-feats:main():compute-mfcc-feats.cc:178) Processed features for key M5931014121_0022
VLOG[2] (compute-mfcc-feats:main():compute-mfcc-feats.cc:178) Processed features for key M5931014121_0023
VLOG[2] (compute-mfcc-feats:main():compute-mfcc-feats.cc:178) Processed features for key M5931014121_0024
VLOG[2] (compute-mfcc-feats:main():compute-mfcc-feats.cc:178) Processed features for key M5931014121_0025
VLOG[2] (compute-mfcc-feats:main():compute-mfcc-feats.cc:178) Processed features for key M5931014121_0030
VLOG[2] (compute-mfcc-feats:main():compute-mfcc-feats.cc:178) Processed features for key M5931030121_0000
VLOG[2] (compute-mfcc-feats:main():compute-mfcc-feats.cc:178) Processed features for key M5931030121_0008
VLOG[2] (compute-mfcc-feats:main():compute-mfcc-feats.cc:178) Processed features for key M5931030121_0009
LOG (compute-mfcc-feats:main():compute-mfcc-feats.cc:177) Processed 40 utterances
VLOG[2] (compute-mfcc-feats:main():compute-mfcc-feats.cc:178) Processed features for key M5931030121_0012
VLOG[2] (compute-mfcc-feats:main():compute-mfcc-feats.cc:178) Processed features for key M5931030121_0013
VLOG[2] (compute-mfcc-feats:main():compute-mfcc-feats.cc:178) Processed features for key M5931030121_0014
VLOG[2] (compute-mfcc-feats:main():compute-mfcc-feats.cc:178) Processed features for key M5931030121_0015
VLOG[2] (compute-mfcc-feats:main():compute-mfcc-feats.cc:178) Processed features for key M5931030121_0016
VLOG[2] (compute-mfcc-feats:main():compute-mfcc-feats.cc:178) Processed features for key M5931030121_0017
VLOG[2] (compute-mfcc-feats:main():compute-mfcc-feats.cc:178) Processed features for key M5931030121_0018
VLOG[2] (compute-mfcc-feats:main():compute-mfcc-feats.cc:178) Processed features for key M5931030121_0019
VLOG[2] (compute-mfcc-feats:main():compute-mfcc-feats.cc:178) Processed features for key M5931030121_0020
VLOG[2] (compute-mfcc-feats:main():compute-mfcc-feats.cc:178) Processed features for key M5931030121_0021
LOG (compute-mfcc-feats:main():compute-mfcc-feats.cc:177) Processed 50 utterances
VLOG[2] (compute-mfcc-feats:main():compute-mfcc-feats.cc:178) Processed features for key M5931030121_0022
VLOG[2] (compute-mfcc-feats:main():compute-mfcc-feats.cc:178) Processed features for key M5931030121_0023
VLOG[2] (compute-mfcc-feats:main():compute-mfcc-feats.cc:178) Processed features for key M5931030121_0024
VLOG[2] (compute-mfcc-feats:main():compute-mfcc-feats.cc:178) Processed features for key M5931030121_0025
VLOG[2] (compute-mfcc-feats:main():compute-mfcc-feats.cc:178) Processed features for key M5931030121_0030
VLOG[2] (compute-mfcc-feats:main():compute-mfcc-feats.cc:178) Processed features for key M5931047921_0000
VLOG[2] (compute-mfcc-feats:main():compute-mfcc-feats.cc:178) Processed features for key M5931047921_0008
VLOG[2] (compute-mfcc-feats:main():compute-mfcc-feats.cc:178) Processed features for key M5931047921_0009
VLOG[2] (compute-mfcc-feats:main():compute-mfcc-feats.cc:178) Processed features for key M5931047921_0012
VLOG[2] (compute-mfcc-feats:main():compute-mfcc-feats.cc:178) Processed features for key M5931047921_0013
LOG (compute-mfcc-feats:main():compute-mfcc-feats.cc:177) Processed 60 utterances
VLOG[2] (compute-mfcc-feats:main():compute-mfcc-feats.cc:178) Processed features for key M5931047921_0014
VLOG[2] (compute-mfcc-feats:main():compute-mfcc-feats.cc:178) Processed features for key M5931047921_0015
VLOG[2] (compute-mfcc-feats:main():compute-mfcc-feats.cc:178) Processed features for key M5931047921_0016
VLOG[2] (compute-mfcc-feats:main():compute-mfcc-feats.cc:178) Processed features for key M5931047921_0017
VLOG[2] (compute-mfcc-feats:main():compute-mfcc-feats.cc:178) Processed features for key M5931047921_0018
VLOG[2] (compute-mfcc-feats:main():compute-mfcc-feats.cc:178) Processed features for key M5931047921_0019
VLOG[2] (compute-mfcc-feats:main():compute-mfcc-feats.cc:178) Processed features for key M5931047921_0020
VLOG[2] (compute-mfcc-feats:main():compute-mfcc-feats.cc:178) Processed features for key M5931047921_0021
VLOG[2] (compute-mfcc-feats:main():compute-mfcc-feats.cc:178) Processed features for key M5931047921_0022
VLOG[2] (compute-mfcc-feats:main():compute-mfcc-feats.cc:178) Processed features for key M5931047921_0023
LOG (compute-mfcc-feats:main():compute-mfcc-feats.cc:177) Processed 70 utterances
VLOG[2] (compute-mfcc-feats:main():compute-mfcc-feats.cc:178) Processed features for key M5931047921_0024
VLOG[2] (compute-mfcc-feats:main():compute-mfcc-feats.cc:178) Processed features for key M5931047921_0025
VLOG[2] (compute-mfcc-feats:main():compute-mfcc-feats.cc:178) Processed features for key M5931047921_0030
ERROR (compute-mfcc-feats:main():compute-mfcc-feats.cc:139) Sample frequency mismatch: you specified 16000 but data has 44100 (use --sample-frequency option).  Utterance is M5931065121_0000
ERROR (compute-mfcc-feats:main():compute-mfcc-feats.cc:139) Sample frequency mismatch: you specified 16000 but data has 44100 (use --sample-frequency option).  Utterance is M5931065121_0000

[stack trace: ]
kaldi::KaldiGetStackTrace()
kaldi::KaldiErrorMessage::~KaldiErrorMessage()
compute-mfcc-feats(main+0xda3) [0x429f19]
/lib/x86_64-linux-gnu/libc.so.6(__libc_start_main+0xf5) [0x7fdec3b20b45]
compute-mfcc-feats() [0x4290a9]

LOG (copy-feats:main():copy-feats.cc:100) Copied 72 feature matrices.
# Accounting: time=2 threads=1
# Ended (code 0) at Sat Apr 27 04:46:15 UTC 2019, elapsed time 2 seconds
